<?xml version='1.0' encoding='UTF-8'?>
<testsuite hostname="DNa1d6327.SUNet" name="spatial.tests.WhisperScaleTest" tests="1" errors="0" failures="0" skipped="0" time="3.268" timestamp="2025-06-03T15:43:45">
          <properties>
[...]
</properties>
          <testcase classname="spatial.tests.WhisperScaleTest" name=" should compile, run, and verify for backend CS217" time="3.268">
                      
                    </testcase>
          <system-out><![CDATA[]]></system-out>
          <system-err><![CDATA[]]></system-err>
        </testsuite>