<?xml version='1.0' encoding='UTF-8'?>
<testsuite hostname="Mohameds-MacBook-Pro-5.local" name="spatial.tests.MelFilterbankTest" tests="1" errors="0" failures="1" skipped="0" time="2.981" timestamp="2025-05-28T09:48:27">
          <properties>
[...]
</properties>
          <testcase classname="spatial.tests.MelFilterbankTest" name=" should compile, run, and verify for backend CS217" time="2.981">
                      <failure message="Uncaught exception Flt[_24,_8] (of class argon.lang.Flt) (null)" type="argon.UnhandledException">argon.UnhandledException: Uncaught exception Flt[_24,_8] (of class argon.lang.Flt) (null)
	at spatial.codegen.chiselgen.ChiselGenMem.gen(ChiselGenMem.scala:267)
	at spatial.codegen.chiselgen.ChiselGenMem.gen$(ChiselGenMem.scala:210)
	at spatial.codegen.chiselgen.ChiselGen.spatial$codegen$chiselgen$ChiselGenStream$$super$gen(ChiselGen.scala:5)
	at spatial.codegen.chiselgen.ChiselGenStream.gen(ChiselGenStream.scala:178)
	at spatial.codegen.chiselgen.ChiselGenStream.gen$(ChiselGenStream.scala:17)
	at spatial.codegen.chiselgen.ChiselGen.spatial$codegen$chiselgen$ChiselGenStruct$$super$gen(ChiselGen.scala:5)
	at spatial.codegen.chiselgen.ChiselGenStruct.gen(ChiselGenStruct.scala:44)
	at spatial.codegen.chiselgen.ChiselGenStruct.gen$(ChiselGenStruct.scala:16)
	at spatial.codegen.chiselgen.ChiselGen.spatial$codegen$chiselgen$ChiselGenVec$$super$gen(ChiselGen.scala:5)
	at spatial.codegen.chiselgen.ChiselGenVec.gen(ChiselGenVec.scala:40)
	at spatial.codegen.chiselgen.ChiselGenVec.gen$(ChiselGenVec.scala:9)
	at spatial.codegen.chiselgen.ChiselGen.gen(ChiselGen.scala:5)
	at argon.codegen.Codegen.visit(Codegen.scala:93)
	at argon.codegen.Codegen.visit$(Codegen.scala:93)
	at spatial.codegen.chiselgen.ChiselGen.visit(ChiselGen.scala:5)
	at argon.passes.Traversal.visit(Traversal.scala:41)
	at argon.passes.Traversal.visit$(Traversal.scala:39)
	at spatial.codegen.chiselgen.ChiselGen.visit(ChiselGen.scala:5)
	at spatial.codegen.chiselgen.ChiselCodegen.$anonfun$gen$11(ChiselCodegen.scala:124)
	at spatial.codegen.chiselgen.ChiselCodegen.$anonfun$gen$11$adapted(ChiselCodegen.scala:124)
	at argon.codegen.Codegen.$anonfun$javaStyleChunk$1(Codegen.scala:129)
	at argon.codegen.Codegen.$anonfun$javaStyleChunk$1$adapted(Codegen.scala:129)
	at scala.collection.Iterator.foreach(Iterator.scala:937)
	at scala.collection.Iterator.foreach$(Iterator.scala:937)
	at scala.collection.AbstractIterator.foreach(Iterator.scala:1425)
	at scala.collection.IterableLike.foreach(IterableLike.scala:70)
	at scala.collection.IterableLike.foreach$(IterableLike.scala:69)
	at scala.collection.AbstractIterable.foreach(Iterable.scala:54)
	at argon.codegen.Codegen.javaStyleChunk(Codegen.scala:129)
	at argon.codegen.Codegen.javaStyleChunk$(Codegen.scala:107)
	at spatial.codegen.chiselgen.ChiselGen.javaStyleChunk(ChiselGen.scala:5)
	at spatial.codegen.chiselgen.ChiselCodegen.gen(ChiselCodegen.scala:124)
	at spatial.codegen.chiselgen.ChiselCodegen.gen$(ChiselCodegen.scala:106)
	at spatial.codegen.chiselgen.ChiselGen.gen(ChiselGen.scala:5)
	at spatial.codegen.chiselgen.ChiselGenController.$anonfun$gen$34(ChiselGenController.scala:419)
	at spatial.codegen.chiselgen.ChiselGenController.$anonfun$gen$34$adapted(ChiselGenController.scala:419)
	at scala.collection.immutable.List.foreach(List.scala:388)
	at spatial.codegen.chiselgen.ChiselGenController.$anonfun$gen$31(ChiselGenController.scala:419)
	at spatial.codegen.chiselgen.ChiselGenController.$anonfun$writeKernelClass$10(ChiselGenController.scala:209)
	at scala.runtime.java8.JFunction0$mcV$sp.apply(JFunction0$mcV$sp.java:12)
	at argon.static.Printing.inStream(Printing.scala:191)
	at argon.static.Printing.inStream$(Printing.scala:179)
	at argon.package$.inStream(package.scala:1)
	at argon.static.Printing.inGen(Printing.scala:217)
	at argon.static.Printing.inGen$(Printing.scala:216)
	at argon.package$.inGen(package.scala:1)
	at spatial.codegen.chiselgen.ChiselGenController.writeKernelClass(ChiselGenController.scala:118)
	at spatial.codegen.chiselgen.ChiselGenController.gen(ChiselGenController.scala:419)
	at spatial.codegen.chiselgen.ChiselGenController.gen$(ChiselGenController.scala:362)
	at spatial.codegen.chiselgen.ChiselGen.spatial$codegen$chiselgen$ChiselGenBlackbox$$super$gen(ChiselGen.scala:5)
	at spatial.codegen.chiselgen.ChiselGenBlackbox.gen(ChiselGenBlackbox.scala:355)
	at spatial.codegen.chiselgen.ChiselGenBlackbox.gen$(ChiselGenBlackbox.scala:19)
	at spatial.codegen.chiselgen.ChiselGen.spatial$codegen$chiselgen$ChiselGenCounter$$super$gen(ChiselGen.scala:5)
	at spatial.codegen.chiselgen.ChiselGenCounter.gen(ChiselGenCounter.scala:21)
	at spatial.codegen.chiselgen.ChiselGenCounter.gen$(ChiselGenCounter.scala:10)
	at spatial.codegen.chiselgen.ChiselGen.spatial$codegen$chiselgen$ChiselGenDebug$$super$gen(ChiselGen.scala:5)
	at spatial.codegen.chiselgen.ChiselGenDebug.gen(ChiselGenDebug.scala:41)
	at spatial.codegen.chiselgen.ChiselGenDebug.gen$(ChiselGenDebug.scala:12)
	at spatial.codegen.chiselgen.ChiselGen.spatial$codegen$chiselgen$ChiselGenDelay$$super$gen(ChiselGen.scala:5)
	at spatial.codegen.chiselgen.ChiselGenDelay.gen(ChiselGenDelay.scala:33)
	at spatial.codegen.chiselgen.ChiselGenDelay.gen$(ChiselGenDelay.scala:16)
	at spatial.codegen.chiselgen.ChiselGen.spatial$codegen$chiselgen$ChiselGenDRAM$$super$gen(ChiselGen.scala:5)
	at spatial.codegen.chiselgen.ChiselGenDRAM.gen(ChiselGenDRAM.scala:69)
	at spatial.codegen.chiselgen.ChiselGenDRAM.gen$(ChiselGenDRAM.scala:16)
	at spatial.codegen.chiselgen.ChiselGen.spatial$codegen$chiselgen$ChiselGenInterface$$super$gen(ChiselGen.scala:5)
	at spatial.codegen.chiselgen.ChiselGenInterface.gen(ChiselGenInterface.scala:118)
	at spatial.codegen.chiselgen.ChiselGenInterface.gen$(ChiselGenInterface.scala:16)
	at spatial.codegen.chiselgen.ChiselGen.spatial$codegen$chiselgen$ChiselGenMath$$super$gen(ChiselGen.scala:5)
	at spatial.codegen.chiselgen.ChiselGenMath.gen(ChiselGenMath.scala:274)
	at spatial.codegen.chiselgen.ChiselGenMath.gen$(ChiselGenMath.scala:107)
	at spatial.codegen.chiselgen.ChiselGen.spatial$codegen$chiselgen$ChiselGenMem$$super$gen(ChiselGen.scala:5)
	at spatial.codegen.chiselgen.ChiselGenMem.gen(ChiselGenMem.scala:373)
	at spatial.codegen.chiselgen.ChiselGenMem.gen$(ChiselGenMem.scala:210)
	at spatial.codegen.chiselgen.ChiselGen.spatial$codegen$chiselgen$ChiselGenStream$$super$gen(ChiselGen.scala:5)
	at spatial.codegen.chiselgen.ChiselGenStream.gen(ChiselGenStream.scala:178)
	at spatial.codegen.chiselgen.ChiselGenStream.gen$(ChiselGenStream.scala:17)
	at spatial.codegen.chiselgen.ChiselGen.spatial$codegen$chiselgen$ChiselGenStruct$$super$gen(ChiselGen.scala:5)
	at spatial.codegen.chiselgen.ChiselGenStruct.gen(ChiselGenStruct.scala:44)
	at spatial.codegen.chiselgen.ChiselGenStruct.gen$(ChiselGenStruct.scala:16)
	at spatial.codegen.chiselgen.ChiselGen.spatial$codegen$chiselgen$ChiselGenVec$$super$gen(ChiselGen.scala:5)
	at spatial.codegen.chiselgen.ChiselGenVec.gen(ChiselGenVec.scala:40)
	at spatial.codegen.chiselgen.ChiselGenVec.gen$(ChiselGenVec.scala:9)
	at spatial.codegen.chiselgen.ChiselGen.gen(ChiselGen.scala:5)
	at argon.codegen.Codegen.visit(Codegen.scala:93)
	at argon.codegen.Codegen.visit$(Codegen.scala:93)
	at spatial.codegen.chiselgen.ChiselGen.visit(ChiselGen.scala:5)
	at argon.passes.Traversal.visit(Traversal.scala:41)
	at argon.passes.Traversal.visit$(Traversal.scala:39)
	at spatial.codegen.chiselgen.ChiselGen.visit(ChiselGen.scala:5)
	at spatial.codegen.chiselgen.ChiselCodegen.$anonfun$gen$11(ChiselCodegen.scala:124)
	at spatial.codegen.chiselgen.ChiselCodegen.$anonfun$gen$11$adapted(ChiselCodegen.scala:124)
	at argon.codegen.Codegen.$anonfun$javaStyleChunk$1(Codegen.scala:129)
	at argon.codegen.Codegen.$anonfun$javaStyleChunk$1$adapted(Codegen.scala:129)
	at scala.collection.Iterator.foreach(Iterator.scala:937)
	at scala.collection.Iterator.foreach$(Iterator.scala:937)
	at scala.collection.AbstractIterator.foreach(Iterator.scala:1425)
	at scala.collection.IterableLike.foreach(IterableLike.scala:70)
	at scala.collection.IterableLike.foreach$(IterableLike.scala:69)
	at scala.collection.AbstractIterable.foreach(Iterable.scala:54)
	at argon.codegen.Codegen.javaStyleChunk(Codegen.scala:129)
	at argon.codegen.Codegen.javaStyleChunk$(Codegen.scala:107)
	at spatial.codegen.chiselgen.ChiselGen.javaStyleChunk(ChiselGen.scala:5)
	at spatial.codegen.chiselgen.ChiselCodegen.gen(ChiselCodegen.scala:124)
	at spatial.codegen.chiselgen.ChiselCodegen.gen$(ChiselCodegen.scala:106)
	at spatial.codegen.chiselgen.ChiselGen.gen(ChiselGen.scala:5)
	at spatial.codegen.chiselgen.ChiselGenController.$anonfun$gen$18(ChiselGenController.scala:396)
	at spatial.codegen.chiselgen.ChiselGenController.$anonfun$writeKernelClass$10(ChiselGenController.scala:209)
	at scala.runtime.java8.JFunction0$mcV$sp.apply(JFunction0$mcV$sp.java:12)
	at argon.static.Printing.inStream(Printing.scala:191)
	at argon.static.Printing.inStream$(Printing.scala:179)
	at argon.package$.inStream(package.scala:1)
	at argon.static.Printing.inGen(Printing.scala:217)
	at argon.static.Printing.inGen$(Printing.scala:216)
	at argon.package$.inGen(package.scala:1)
	at spatial.codegen.chiselgen.ChiselGenController.writeKernelClass(ChiselGenController.scala:118)
	at spatial.codegen.chiselgen.ChiselGenController.$anonfun$gen$2(ChiselGenController.scala:396)
	at scala.runtime.java8.JFunction0$mcV$sp.apply(JFunction0$mcV$sp.java:12)
	at spatial.traversal.AccelTraversal.inAccel(AccelTraversal.scala:21)
	at spatial.traversal.AccelTraversal.inAccel$(AccelTraversal.scala:13)
	at spatial.codegen.chiselgen.ChiselGen.inAccel(ChiselGen.scala:5)
	at spatial.codegen.chiselgen.ChiselGenController.gen(ChiselGenController.scala:377)
	at spatial.codegen.chiselgen.ChiselGenController.gen$(ChiselGenController.scala:362)
	at spatial.codegen.chiselgen.ChiselGen.spatial$codegen$chiselgen$ChiselGenBlackbox$$super$gen(ChiselGen.scala:5)
	at spatial.codegen.chiselgen.ChiselGenBlackbox.gen(ChiselGenBlackbox.scala:355)
	at spatial.codegen.chiselgen.ChiselGenBlackbox.gen$(ChiselGenBlackbox.scala:19)
	at spatial.codegen.chiselgen.ChiselGen.spatial$codegen$chiselgen$ChiselGenCounter$$super$gen(ChiselGen.scala:5)
	at spatial.codegen.chiselgen.ChiselGenCounter.gen(ChiselGenCounter.scala:21)
	at spatial.codegen.chiselgen.ChiselGenCounter.gen$(ChiselGenCounter.scala:10)
	at spatial.codegen.chiselgen.ChiselGen.spatial$codegen$chiselgen$ChiselGenDebug$$super$gen(ChiselGen.scala:5)
	at spatial.codegen.chiselgen.ChiselGenDebug.gen(ChiselGenDebug.scala:41)
	at spatial.codegen.chiselgen.ChiselGenDebug.gen$(ChiselGenDebug.scala:12)
	at spatial.codegen.chiselgen.ChiselGen.spatial$codegen$chiselgen$ChiselGenDelay$$super$gen(ChiselGen.scala:5)
	at spatial.codegen.chiselgen.ChiselGenDelay.gen(ChiselGenDelay.scala:33)
	at spatial.codegen.chiselgen.ChiselGenDelay.gen$(ChiselGenDelay.scala:16)
	at spatial.codegen.chiselgen.ChiselGen.spatial$codegen$chiselgen$ChiselGenDRAM$$super$gen(ChiselGen.scala:5)
	at spatial.codegen.chiselgen.ChiselGenDRAM.gen(ChiselGenDRAM.scala:69)
	at spatial.codegen.chiselgen.ChiselGenDRAM.gen$(ChiselGenDRAM.scala:16)
	at spatial.codegen.chiselgen.ChiselGen.spatial$codegen$chiselgen$ChiselGenInterface$$super$gen(ChiselGen.scala:5)
	at spatial.codegen.chiselgen.ChiselGenInterface.gen(ChiselGenInterface.scala:118)
	at spatial.codegen.chiselgen.ChiselGenInterface.gen$(ChiselGenInterface.scala:16)
	at spatial.codegen.chiselgen.ChiselGen.spatial$codegen$chiselgen$ChiselGenMath$$super$gen(ChiselGen.scala:5)
	at spatial.codegen.chiselgen.ChiselGenMath.gen(ChiselGenMath.scala:274)
	at spatial.codegen.chiselgen.ChiselGenMath.gen$(ChiselGenMath.scala:107)
	at spatial.codegen.chiselgen.ChiselGen.spatial$codegen$chiselgen$ChiselGenMem$$super$gen(ChiselGen.scala:5)
	at spatial.codegen.chiselgen.ChiselGenMem.gen(ChiselGenMem.scala:373)
	at spatial.codegen.chiselgen.ChiselGenMem.gen$(ChiselGenMem.scala:210)
	at spatial.codegen.chiselgen.ChiselGen.spatial$codegen$chiselgen$ChiselGenStream$$super$gen(ChiselGen.scala:5)
	at spatial.codegen.chiselgen.ChiselGenStream.gen(ChiselGenStream.scala:178)
	at spatial.codegen.chiselgen.ChiselGenStream.gen$(ChiselGenStream.scala:17)
	at spatial.codegen.chiselgen.ChiselGen.spatial$codegen$chiselgen$ChiselGenStruct$$super$gen(ChiselGen.scala:5)
	at spatial.codegen.chiselgen.ChiselGenStruct.gen(ChiselGenStruct.scala:44)
	at spatial.codegen.chiselgen.ChiselGenStruct.gen$(ChiselGenStruct.scala:16)
	at spatial.codegen.chiselgen.ChiselGen.spatial$codegen$chiselgen$ChiselGenVec$$super$gen(ChiselGen.scala:5)
	at spatial.codegen.chiselgen.ChiselGenVec.gen(ChiselGenVec.scala:40)
	at spatial.codegen.chiselgen.ChiselGenVec.gen$(ChiselGenVec.scala:9)
	at spatial.codegen.chiselgen.ChiselGen.gen(ChiselGen.scala:5)
	at argon.codegen.Codegen.visit(Codegen.scala:93)
	at argon.codegen.Codegen.visit$(Codegen.scala:93)
	at spatial.codegen.chiselgen.ChiselGen.visit(ChiselGen.scala:5)
	at argon.passes.Traversal.visit(Traversal.scala:41)
	at argon.passes.Traversal.visit$(Traversal.scala:39)
	at spatial.codegen.chiselgen.ChiselGen.visit(ChiselGen.scala:5)
	at spatial.codegen.chiselgen.ChiselCodegen.$anonfun$gen$11(ChiselCodegen.scala:124)
	at spatial.codegen.chiselgen.ChiselCodegen.$anonfun$gen$11$adapted(ChiselCodegen.scala:124)
	at argon.codegen.Codegen.$anonfun$javaStyleChunk$1(Codegen.scala:129)
	at argon.codegen.Codegen.$anonfun$javaStyleChunk$1$adapted(Codegen.scala:129)
	at scala.collection.Iterator.foreach(Iterator.scala:937)
	at scala.collection.Iterator.foreach$(Iterator.scala:937)
	at scala.collection.AbstractIterator.foreach(Iterator.scala:1425)
	at scala.collection.IterableLike.foreach(IterableLike.scala:70)
	at scala.collection.IterableLike.foreach$(IterableLike.scala:69)
	at scala.collection.AbstractIterable.foreach(Iterable.scala:54)
	at argon.codegen.Codegen.javaStyleChunk(Codegen.scala:129)
	at argon.codegen.Codegen.javaStyleChunk$(Codegen.scala:107)
	at spatial.codegen.chiselgen.ChiselGen.javaStyleChunk(ChiselGen.scala:5)
	at spatial.codegen.chiselgen.ChiselCodegen.gen(ChiselCodegen.scala:124)
	at spatial.codegen.chiselgen.ChiselCodegen.gen$(ChiselCodegen.scala:106)
	at spatial.codegen.chiselgen.ChiselGen.gen(ChiselGen.scala:5)
	at spatial.codegen.chiselgen.ChiselCodegen.$anonfun$emitEntry$4(ChiselCodegen.scala:298)
	at scala.runtime.java8.JFunction0$mcV$sp.apply(JFunction0$mcV$sp.java:12)
	at spatial.traversal.AccelTraversal.outsideAccel(AccelTraversal.scala:51)
	at spatial.traversal.AccelTraversal.outsideAccel$(AccelTraversal.scala:43)
	at spatial.codegen.chiselgen.ChiselGen.outsideAccel(ChiselGen.scala:5)
	at spatial.codegen.chiselgen.ChiselCodegen.emitEntry(ChiselCodegen.scala:298)
	at spatial.codegen.chiselgen.ChiselCodegen.emitEntry$(ChiselCodegen.scala:293)
	at spatial.codegen.chiselgen.ChiselGen.emitEntry(ChiselGen.scala:5)
	at argon.codegen.Codegen.$anonfun$process$1(Codegen.scala:78)
	at scala.runtime.java8.JFunction0$mcV$sp.apply(JFunction0$mcV$sp.java:12)
	at argon.static.Printing.inStream(Printing.scala:191)
	at argon.static.Printing.inStream$(Printing.scala:179)
	at argon.package$.inStream(package.scala:1)
	at argon.static.Printing.inGen(Printing.scala:217)
	at argon.static.Printing.inGen$(Printing.scala:216)
	at argon.package$.inGen(package.scala:1)
	at argon.codegen.Codegen.process(Codegen.scala:76)
	at argon.codegen.Codegen.process$(Codegen.scala:75)
	at spatial.codegen.chiselgen.ChiselGen.process(ChiselGen.scala:5)
	at argon.passes.Pass.execute(Pass.scala:62)
	at argon.passes.Pass.execute$(Pass.scala:60)
	at spatial.codegen.chiselgen.ChiselGen.execute(ChiselGen.scala:5)
	at argon.passes.Pass.$anonfun$run$6(Pass.scala:50)
	at argon.static.Printing.inStream(Printing.scala:191)
	at argon.static.Printing.inStream$(Printing.scala:179)
	at argon.package$.inStream(package.scala:1)
	at argon.static.Printing.withLog(Printing.scala:210)
	at argon.static.Printing.withLog$(Printing.scala:209)
	at argon.package$.withLog(package.scala:1)
	at argon.passes.Pass.$anonfun$run$5(Pass.scala:48)
	at argon.Config.withVerbosity(Config.scala:22)
	at argon.passes.Pass.run(Pass.scala:48)
	at argon.passes.Pass.run$(Pass.scala:40)
	at spatial.codegen.chiselgen.ChiselGen.run(ChiselGen.scala:5)
	at argon.Compiler.$anonfun$runPass$1(Compiler.scala:89)
	at utils.Instrument.apply(Instrument.scala:29)
	at argon.Compiler.runPass(Compiler.scala:81)
	at argon.Compiler.runPass$(Compiler.scala:81)
	at spatial.tests.MelFilterbankTest.runPass(MelFilterbankTest.scala:4)
	at argon.Compiler$BlockOps.$anonfun$$eq$eq$greater$1(Compiler.scala:211)
	at argon.Compiler$BlockOps.$anonfun$$eq$eq$greater$1$adapted(Compiler.scala:210)
	at scala.collection.immutable.List.foreach(List.scala:388)
	at argon.Compiler$BlockOps.$eq$eq$greater(Compiler.scala:210)
	at spatial.Spatial.runPasses(Spatial.scala:246)
	at spatial.Spatial.runPasses$(Spatial.scala:60)
	at spatial.tests.MelFilterbankTest.runPasses(MelFilterbankTest.scala:4)
	at argon.Compiler.$anonfun$compileProgram$1(Compiler.scala:130)
	at scala.runtime.java8.JFunction0$mcV$sp.apply(JFunction0$mcV$sp.java:12)
	at utils.Instrument.apply(Instrument.scala:29)
	at argon.Compiler.compileProgram(Compiler.scala:119)
	at argon.Compiler.compileProgram$(Compiler.scala:119)
	at spatial.tests.MelFilterbankTest.compileProgram(MelFilterbankTest.scala:4)
	at argon.DSLTest$Backend.$anonfun$compile$8(DSLTest.scala:150)
	at scala.runtime.java8.JFunction0$mcV$sp.apply(JFunction0$mcV$sp.java:12)
	at scala.concurrent.impl.ExecutionContextImpl$DefaultThreadFactory$$anon$2$$anon$3.block(ExecutionContextImpl.scala:71)
	at java.base/java.util.concurrent.ForkJoinPool.managedBlock(ForkJoinPool.java:3118)
	at scala.concurrent.impl.ExecutionContextImpl$DefaultThreadFactory$$anon$2.blockOn(ExecutionContextImpl.scala:83)
	at scala.concurrent.package$.blocking(package.scala:142)
	at argon.DSLTest$Backend.$anonfun$compile$7(DSLTest.scala:145)
	at scala.runtime.java8.JFunction0$mcV$sp.apply(JFunction0$mcV$sp.java:12)
	at scala.concurrent.Future$.$anonfun$apply$1(Future.scala:654)
	at scala.util.Success.$anonfun$map$1(Try.scala:251)
	at scala.util.Success.map(Try.scala:209)
	at scala.concurrent.Future.$anonfun$map$1(Future.scala:288)
	at scala.concurrent.impl.Promise.liftedTree1$1(Promise.scala:29)
	at scala.concurrent.impl.Promise.$anonfun$transform$1(Promise.scala:29)
	at scala.concurrent.impl.CallbackRunnable.run(Promise.scala:60)
	at java.base/java.util.concurrent.ForkJoinTask$RunnableExecuteAction.exec(ForkJoinTask.java:1426)
	at java.base/java.util.concurrent.ForkJoinTask.doExec(ForkJoinTask.java:290)
	at java.base/java.util.concurrent.ForkJoinPool$WorkQueue.topLevelExec(ForkJoinPool.java:1020)
	at java.base/java.util.concurrent.ForkJoinPool.scan(ForkJoinPool.java:1656)
	at java.base/java.util.concurrent.ForkJoinPool.runWorker(ForkJoinPool.java:1594)
	at java.base/java.util.concurrent.ForkJoinWorkerThread.run(ForkJoinWorkerThread.java:183)
</failure>
                    </testcase>
          <system-out><![CDATA[]]></system-out>
          <system-err><![CDATA[]]></system-err>
        </testsuite>