<?xml version='1.0' encoding='UTF-8'?>
<testsuite hostname="Mohameds-MacBook-Pro-5.local" name="spatial.tests.QuantizeKernelTest" tests="1" errors="0" failures="0" skipped="0" time="3.198" timestamp="2025-05-28T18:38:36">
          <properties>
[...]
</properties>
          <testcase classname="spatial.tests.QuantizeKernelTest" name=" should compile, run, and verify for backend CS217" time="3.198">
                      
                    </testcase>
          <system-out><![CDATA[]]></system-out>
          <system-err><![CDATA[]]></system-err>
        </testsuite>