[0m[[0m[0mdebug[0m] [0m[0mRunning TaskDef(spatial.tests.QuantizeKernelTest, org.scalatest.tools.Framework$$anon$1@580e603f, false, [SuiteSelector])[0m
[0m[[0m[0minfo[0m] [0m[0m[32mQuantizeKernelTest:[0m[0m
[0m[[0m[0minfo[0m] [0m[0m[32mQuantizeKernelTest[0m[0m
[0m[[0m[0minfo[0m] [0m[0m[31m- should compile, run, and verify for backend CS217 *** FAILED ***[0m[0m
[0m[[0m[0minfo[0m] [0m[0m[31m  argon.UnhandledException: Uncaught exception [ChiselGen] No codegen rule for x337, FltToText(x322,None) (null)[0m[0m
[0m[[0m[0minfo[0m] [0m[0m[31m  at argon.codegen.Codegen.gen(Codegen.scala:90)[0m[0m
[0m[[0m[0minfo[0m] [0m[0m[31m  at argon.codegen.Codegen.gen$(Codegen.scala:89)[0m[0m
[0m[[0m[0minfo[0m] [0m[0m[31m  at spatial.codegen.chiselgen.ChiselGen.spatial$codegen$chiselgen$ChiselGenController$$super$gen(ChiselGen.scala:5)[0m[0m
[0m[[0m[0minfo[0m] [0m[0m[31m  at spatial.codegen.chiselgen.ChiselGenController.gen(ChiselGenController.scala:492)[0m[0m
[0m[[0m[0minfo[0m] [0m[0m[31m  at spatial.codegen.chiselgen.ChiselGenController.gen$(ChiselGenController.scala:362)[0m[0m
[0m[[0m[0minfo[0m] [0m[0m[31m  at spatial.codegen.chiselgen.ChiselGen.spatial$codegen$chiselgen$ChiselGenBlackbox$$super$gen(ChiselGen.scala:5)[0m[0m
[0m[[0m[0minfo[0m] [0m[0m[31m  at spatial.codegen.chiselgen.ChiselGenBlackbox.gen(ChiselGenBlackbox.scala:355)[0m[0m
[0m[[0m[0minfo[0m] [0m[0m[31m  at spatial.codegen.chiselgen.ChiselGenBlackbox.gen$(ChiselGenBlackbox.scala:19)[0m[0m
[0m[[0m[0minfo[0m] [0m[0m[31m  at spatial.codegen.chiselgen.ChiselGen.spatial$codegen$chiselgen$ChiselGenCounter$$super$gen(ChiselGen.scala:5)[0m[0m
[0m[[0m[0minfo[0m] [0m[0m[31m  at spatial.codegen.chiselgen.ChiselGenCounter.gen(ChiselGenCounter.scala:21)[0m[0m
[0m[[0m[0minfo[0m] [0m[0m[31m  ...[0m[0m
[0m[[0m[0minfo[0m] [0m[0m[36mRun completed in 2 seconds, 500 milliseconds.[0m[0m
[0m[[0m[0minfo[0m] [0m[0m[36mTotal number of tests run: 1[0m[0m
[0m[[0m[0minfo[0m] [0m[0m[36mSuites: completed 1, aborted 0[0m[0m
[0m[[0m[0minfo[0m] [0m[0m[36mTests: succeeded 0, failed 1, canceled 0, ignored 0, pending 0[0m[0m
[0m[[0m[0minfo[0m] [0m[0m[31m*** 1 TEST FAILED ***[0m[0m
[0m[[0m[31merror[0m] [0m[0mFailed tests:[0m
[0m[[0m[31merror[0m] [0m[0m	spatial.tests.QuantizeKernelTest[0m
[0m[[0m[31merror[0m] [0m[0m(Test / [31mtestOnly[0m) sbt.TestsFailedException: Tests unsuccessful[0m
